<?xml version="1.0" encoding="UTF-8"?>
<!-- Generated by org.testng.reporters.JUnitReportReporter -->
<testsuite hostname="DESKTOP-7DFGHVV" failures="0" tests="4" name="initialTest.LoginTest" time="46.901" errors="0" timestamp="2021-06-22T23:21:42 EDT" skipped="0">
  <testcase classname="initialTest.LoginTest" name="FreeAcTest" time="12.591"/>
  <system-out/>
  <testcase classname="initialTest.LoginTest" name="HomePageTest" time="16.175"/>
  <system-out/>
  <testcase classname="initialTest.LoginTest" name="ContactsPageTest" time="9.324"/>
  <system-out/>
  <testcase classname="initialTest.LoginTest" name="LoginPageTest" time="8.811"/>
  <system-out/>
</testsuite> <!-- initialTest.LoginTest -->
