<?xml version="1.0" encoding="UTF-8"?>
<!-- Generated by org.testng.reporters.JUnitReportReporter -->
<testsuite hostname="DESKTOP-7DFGHVV" failures="0" tests="4" name="initialTest.LoginTest" time="38.200" errors="0" timestamp="2021-06-24T23:26:51 EDT" skipped="0">
  <testcase classname="initialTest.LoginTest" name="LoginPageTest" time="8.728"/>
  <system-out/>
  <testcase classname="initialTest.LoginTest" name="HomePageTest" time="9.088"/>
  <system-out/>
  <testcase classname="initialTest.LoginTest" name="ContactsPageTest" time="10.397"/>
  <system-out/>
  <testcase classname="initialTest.LoginTest" name="FreeAcTest" time="9.987"/>
  <system-out/>
</testsuite> <!-- initialTest.LoginTest -->
