<?xml version="1.0" encoding="UTF-8"?>
<!-- Generated by org.testng.reporters.JUnitReportReporter -->
<testsuite hostname="DESKTOP-7DFGHVV" failures="0" tests="5" name="initialTest.ContactsTest" time="75.587" errors="0" timestamp="2021-06-24T23:26:51 EDT" skipped="0">
  <testcase classname="initialTest.ContactsTest" name="createContactTest" time="14.207"/>
  <system-out/>
  <testcase classname="initialTest.ContactsTest" name="createContactTest" time="15.464"/>
  <system-out/>
  <testcase classname="initialTest.ContactsTest" name="createContactTest" time="13.351"/>
  <system-out/>
  <testcase classname="initialTest.ContactsTest" name="createContactTest" time="15.110"/>
  <system-out/>
  <testcase classname="initialTest.ContactsTest" name="createContactTest" time="17.455"/>
  <system-out/>
</testsuite> <!-- initialTest.ContactsTest -->
